<?xml version="1.0" encoding="UTF-8"?>
<testng-results skipped="0" failed="0" total="3" passed="3">
  <reporter-output>
  </reporter-output>
  <suite name="Default suite" duration-ms="46" started-at="2016-10-19T02:36:31Z" finished-at="2016-10-19T02:36:31Z">
    <groups>
    </groups>
    <test name="Default test" duration-ms="46" started-at="2016-10-19T02:36:31Z" finished-at="2016-10-19T02:36:31Z">
      <class name="Depend">
        <test-method status="PASS" signature="method1()[pri:0, instance:Depend@6ea12c19]" name="method1" duration-ms="12" started-at="2016-10-18T22:36:31Z" finished-at="2016-10-18T22:36:31Z">
          <reporter-output>
          </reporter-output>
        </test-method> <!-- method1 -->
        <test-method status="PASS" signature="method3()[pri:0, instance:Depend@6ea12c19]" name="method3" duration-ms="2" started-at="2016-10-18T22:36:31Z" depends-on-methods="Depend.method1" finished-at="2016-10-18T22:36:31Z">
          <reporter-output>
          </reporter-output>
        </test-method> <!-- method3 -->
        <test-method status="PASS" signature="method2()[pri:0, instance:Depend@6ea12c19]" name="method2" duration-ms="2" started-at="2016-10-18T22:36:31Z" depends-on-methods="Depend.method3" finished-at="2016-10-18T22:36:31Z">
          <reporter-output>
          </reporter-output>
        </test-method> <!-- method2 -->
      </class> <!-- Depend -->
    </test> <!-- Default test -->
  </suite> <!-- Default suite -->
</testng-results>
